cargo :    
Compiling omnilang 
v0.1.0 
(D:\GitHub\OmniLang)
At line:1 char:1
+ cargo test --test 
match_evaluator_test
 -- --nocapture 
2>&1 | Out-File ...
+ ~~~~~~~~~~~~~~~~~~
~~~~~~~~~~~~~~~~~~~~
~~~~~~~~~~~~~~~~~~~~
    + CategoryInfo  
            : NotS  
  pecified: (   C   
 ompiling om...i    
tHub\OmniLang):    
String) [], Rem    
oteException
    + FullyQualifie 
   dErrorId : Nati  
  veCommandError
 
warning: unused 
imports: 
`BlockExpr`, 
`FunctionDecl`, and 
`IfExpr`
 --> src\program_eva
luator.rs:2:75
  |
2 | use crate::ast::
{Program, Module, 
Stmt, Expr, 
Literal, BinaryOp, 
UnaryOp, 
FunctionDecl, 
MatchArm, Pattern, 
IfExpr, BlockExpr};
  |                 
                    
                    
                  
^^^^^^^^^^^^        
             ^^^^^^ 
 ^^^^^^^^^
  |
  = note: `#[warn(un
used_imports)]` 
(part of 
`#[warn(unused)]`) 
on by default

warning: unused 
variable: `module`
  --> src\program_ev
aluator.rs:37:35
   |
37 |     fn evaluate
_module(&mut self, 
module: &Module) -> 
Result<(), String> {
   |                
                   
^^^^^^ help: if 
this is 
intentional, prefix 
it with an 
underscore: 
`_module`
   |
   = note: `#[warn(u
nused_variables)]` 
(part of 
`#[warn(unused)]`) 
on by default

warning: `omnilang` 
(lib) generated 2 
warnings (run 
`cargo fix --lib -p 
omnilang` to apply 
2 suggestions)
warning: function `e
xport_openmetrics` 
is never used
  --> 
src\metrics.rs:27:8
   |
27 | pub fn export_o
penmetrics() -> 
String {
   |        
^^^^^^^^^^^^^^^^^^
   |
   = note: `#[warn(d
ead_code)]` (part 
of 
`#[warn(unused)]`) 
on by default

warning: `omnilang` 
(bin "omnilang") 
generated 1 warning
    Finished `test` 
profile 
[unoptimized + 
debuginfo] 
target(s) in 2.25s
     Running tests\m
atch_evaluator_test.
rs (target\debug\dep
s\match_evaluator_te
st-0c433e1cb68a27c8.
exe)

running 1 test

thread 'test_match_i
n_module_simple' 
(33064) panicked at 
tests\match_evaluato
r_test.rs:15:19:
PARSER ERROR: 
Expected '(' after 
function name at 
line 1 (found Colon)
note: run with 
`RUST_BACKTRACE=1` 
environment 
variable to display 
a backtrace
test test_match_in_module_simple ... FAILED

failures:

failures:
    test_match_in_module_simple

test result: FAILED. 0 passed; 1 failed; 0 ignored; 0 measured; 0 filtered out; finished in 0.00s

error: test failed, 
to rerun pass 
`--test match_evalua
tor_test`
